<?xml version="1.0" encoding="UTF-8"?>
<testng-results skipped="0" failed="0" ignored="0" total="1" passed="1">
  <reporter-output>
  </reporter-output>
  <suite name="Default suite" duration-ms="125" started-at="2018-10-19T12:09:03Z" finished-at="2018-10-19T12:09:03Z">
    <groups>
    </groups>
    <test name="Default test" duration-ms="125" started-at="2018-10-19T12:09:03Z" finished-at="2018-10-19T12:09:03Z">
      <class name="LoginText">
        <test-method status="PASS" signature="userlogin()[pri:0, instance:LoginText@5dfcfece]" name="userlogin" duration-ms="37" started-at="2018-10-19T12:09:03Z" finished-at="2018-10-19T12:09:03Z">
          <reporter-output>
          </reporter-output>
        </test-method> <!-- userlogin -->
      </class> <!-- LoginText -->
    </test> <!-- Default test -->
  </suite> <!-- Default suite -->
</testng-results>
